2019-03-14 20:37:32,146 [Worker-15] INFO  o.e.m.c.i.l.LifecycleMappingFactory - Using org.eclipse.m2e.jdt.JarLifecycleMapping lifecycle mapping for MavenProject: com.engineering:prova:0.0.1-SNAPSHOT @ C:\Users\Ellen\Documents\Engineering Prova\prova\pom.xml.
2019-03-14 20:37:35,638 [Worker-15] INFO  o.e.m.j.i.AbstractJavaProjectConfigurator - Adding source folder /prova/src/main/java
2019-03-14 20:37:35,639 [Worker-15] INFO  o.e.m.j.i.AbstractJavaProjectConfigurator - Adding resource folder /prova/src/main/resources
2019-03-14 20:37:35,649 [Worker-15] INFO  o.e.m.j.i.AbstractJavaProjectConfigurator - Adding resource folder /prova/src/main/resources
2019-03-14 20:37:35,662 [Worker-15] INFO  o.e.m.j.i.AbstractJavaProjectConfigurator - Adding source folder /prova/src/test/java
2019-03-14 20:37:38,006 [Worker-15] INFO  o.e.m.c.i.p.ProjectConfigurationManager - Imported and configured 1 project(s) in 12 sec
2019-03-14 20:37:40,480 [Worker-12] INFO  o.e.m.c.i.embedder.EclipseLogger - Using 'UTF-8' encoding to copy filtered resources.
2019-03-14 20:37:40,490 [Worker-12] INFO  o.e.m.c.i.embedder.EclipseLogger - Copying 1 resource
2019-03-14 20:37:40,514 [Worker-12] INFO  o.e.m.c.i.embedder.EclipseLogger - Copying 0 resource
2019-03-14 20:37:40,527 [Worker-12] INFO  o.e.m.c.i.embedder.EclipseLogger - Using 'UTF-8' encoding to copy filtered resources.
2019-03-14 20:37:40,527 [Worker-12] INFO  o.e.m.c.i.embedder.EclipseLogger - skip non existing resourceDirectory C:\Users\Ellen\Documents\Engineering Prova\prova\src\test\resources
2019-03-14 20:42:34,974 [Worker-12] INFO  o.e.m.c.i.embedder.EclipseLogger - Using 'UTF-8' encoding to copy filtered resources.
2019-03-14 20:42:35,001 [Worker-12] INFO  o.e.m.c.i.embedder.EclipseLogger - Copying 1 resource
2019-03-14 20:42:35,010 [Worker-12] INFO  o.e.m.c.i.embedder.EclipseLogger - Copying 0 resource
2019-03-14 20:42:35,021 [Worker-12] INFO  o.e.m.c.i.embedder.EclipseLogger - Using 'UTF-8' encoding to copy filtered resources.
2019-03-14 20:42:35,021 [Worker-12] INFO  o.e.m.c.i.embedder.EclipseLogger - skip non existing resourceDirectory C:\Users\Ellen\Documents\Engineering Prova\prova\src\test\resources
2019-03-14 20:43:20,565 [Worker-10] INFO  o.e.m.c.i.embedder.EclipseLogger - Using 'UTF-8' encoding to copy filtered resources.
2019-03-14 20:43:20,571 [Worker-10] INFO  o.e.m.c.i.embedder.EclipseLogger - Copying 1 resource
2019-03-14 20:43:20,578 [Worker-10] INFO  o.e.m.c.i.embedder.EclipseLogger - Copying 0 resource
2019-03-14 20:43:20,588 [Worker-10] INFO  o.e.m.c.i.embedder.EclipseLogger - Using 'UTF-8' encoding to copy filtered resources.
2019-03-14 20:43:20,588 [Worker-10] INFO  o.e.m.c.i.embedder.EclipseLogger - skip non existing resourceDirectory C:\Users\Ellen\Documents\Engineering Prova\prova\src\test\resources
2019-03-14 20:43:49,789 [Worker-19] INFO  o.e.m.c.i.embedder.EclipseLogger - Using 'UTF-8' encoding to copy filtered resources.
2019-03-14 20:43:49,797 [Worker-19] INFO  o.e.m.c.i.embedder.EclipseLogger - Copying 1 resource
2019-03-14 20:43:49,805 [Worker-19] INFO  o.e.m.c.i.embedder.EclipseLogger - Copying 0 resource
2019-03-14 20:43:49,814 [Worker-19] INFO  o.e.m.c.i.embedder.EclipseLogger - Using 'UTF-8' encoding to copy filtered resources.
2019-03-14 20:43:49,815 [Worker-19] INFO  o.e.m.c.i.embedder.EclipseLogger - skip non existing resourceDirectory C:\Users\Ellen\Documents\Engineering Prova\prova\src\test\resources
2019-03-14 20:44:49,606 [Worker-19] INFO  o.e.m.c.i.embedder.EclipseLogger - Using 'UTF-8' encoding to copy filtered resources.
2019-03-14 20:44:49,615 [Worker-19] INFO  o.e.m.c.i.embedder.EclipseLogger - Copying 1 resource
2019-03-14 20:44:49,625 [Worker-19] INFO  o.e.m.c.i.embedder.EclipseLogger - Copying 0 resource
2019-03-14 20:44:49,633 [Worker-19] INFO  o.e.m.c.i.embedder.EclipseLogger - Using 'UTF-8' encoding to copy filtered resources.
2019-03-14 20:44:49,634 [Worker-19] INFO  o.e.m.c.i.embedder.EclipseLogger - skip non existing resourceDirectory C:\Users\Ellen\Documents\Engineering Prova\prova\src\test\resources
2019-03-14 20:44:54,649 [Worker-17] INFO  o.e.m.c.i.embedder.EclipseLogger - Using 'UTF-8' encoding to copy filtered resources.
2019-03-14 20:44:54,656 [Worker-17] INFO  o.e.m.c.i.embedder.EclipseLogger - Copying 1 resource
2019-03-14 20:44:54,664 [Worker-17] INFO  o.e.m.c.i.embedder.EclipseLogger - Copying 0 resource
2019-03-14 20:44:54,672 [Worker-17] INFO  o.e.m.c.i.embedder.EclipseLogger - Using 'UTF-8' encoding to copy filtered resources.
2019-03-14 20:44:54,672 [Worker-17] INFO  o.e.m.c.i.embedder.EclipseLogger - skip non existing resourceDirectory C:\Users\Ellen\Documents\Engineering Prova\prova\src\test\resources
2019-03-14 20:49:56,068 [Worker-22] INFO  o.e.m.c.i.embedder.EclipseLogger - Using 'UTF-8' encoding to copy filtered resources.
2019-03-14 20:49:56,074 [Worker-22] INFO  o.e.m.c.i.embedder.EclipseLogger - Copying 1 resource
2019-03-14 20:49:56,083 [Worker-22] INFO  o.e.m.c.i.embedder.EclipseLogger - Copying 0 resource
2019-03-14 20:49:56,092 [Worker-22] INFO  o.e.m.c.i.embedder.EclipseLogger - Using 'UTF-8' encoding to copy filtered resources.
2019-03-14 20:49:56,093 [Worker-22] INFO  o.e.m.c.i.embedder.EclipseLogger - skip non existing resourceDirectory C:\Users\Ellen\Documents\Engineering Prova\prova\src\test\resources
2019-03-14 20:49:59,482 [Worker-19] INFO  o.e.m.c.i.embedder.EclipseLogger - Using 'UTF-8' encoding to copy filtered resources.
2019-03-14 20:49:59,490 [Worker-19] INFO  o.e.m.c.i.embedder.EclipseLogger - Copying 1 resource
2019-03-14 20:49:59,501 [Worker-19] INFO  o.e.m.c.i.embedder.EclipseLogger - Copying 0 resource
2019-03-14 20:49:59,543 [Worker-19] INFO  o.e.m.c.i.embedder.EclipseLogger - Using 'UTF-8' encoding to copy filtered resources.
2019-03-14 20:49:59,544 [Worker-19] INFO  o.e.m.c.i.embedder.EclipseLogger - skip non existing resourceDirectory C:\Users\Ellen\Documents\Engineering Prova\prova\src\test\resources
2019-03-14 20:52:32,222 [Worker-24] INFO  o.e.m.c.i.embedder.EclipseLogger - Using 'UTF-8' encoding to copy filtered resources.
2019-03-14 20:52:32,228 [Worker-24] INFO  o.e.m.c.i.embedder.EclipseLogger - Copying 1 resource
2019-03-14 20:52:32,238 [Worker-24] INFO  o.e.m.c.i.embedder.EclipseLogger - Copying 0 resource
2019-03-14 20:52:32,246 [Worker-24] INFO  o.e.m.c.i.embedder.EclipseLogger - Using 'UTF-8' encoding to copy filtered resources.
2019-03-14 20:52:32,247 [Worker-24] INFO  o.e.m.c.i.embedder.EclipseLogger - skip non existing resourceDirectory C:\Users\Ellen\Documents\Engineering Prova\prova\src\test\resources
2019-03-14 20:52:43,543 [Worker-27] INFO  o.e.m.c.i.embedder.EclipseLogger - Using 'UTF-8' encoding to copy filtered resources.
2019-03-14 20:52:43,549 [Worker-27] INFO  o.e.m.c.i.embedder.EclipseLogger - Copying 1 resource
2019-03-14 20:52:43,557 [Worker-27] INFO  o.e.m.c.i.embedder.EclipseLogger - Copying 0 resource
2019-03-14 20:52:43,565 [Worker-27] INFO  o.e.m.c.i.embedder.EclipseLogger - Using 'UTF-8' encoding to copy filtered resources.
2019-03-14 20:52:43,565 [Worker-27] INFO  o.e.m.c.i.embedder.EclipseLogger - skip non existing resourceDirectory C:\Users\Ellen\Documents\Engineering Prova\prova\src\test\resources
2019-03-14 21:00:12,119 [Worker-33] INFO  o.e.m.c.i.embedder.EclipseLogger - Using 'UTF-8' encoding to copy filtered resources.
2019-03-14 21:00:12,127 [Worker-33] INFO  o.e.m.c.i.embedder.EclipseLogger - Copying 1 resource
2019-03-14 21:00:12,137 [Worker-33] INFO  o.e.m.c.i.embedder.EclipseLogger - Copying 0 resource
2019-03-14 21:00:12,145 [Worker-33] INFO  o.e.m.c.i.embedder.EclipseLogger - Using 'UTF-8' encoding to copy filtered resources.
2019-03-14 21:00:12,146 [Worker-33] INFO  o.e.m.c.i.embedder.EclipseLogger - skip non existing resourceDirectory C:\Users\Ellen\Documents\Engineering Prova\prova\src\test\resources
2019-03-14 21:29:01,886 [Worker-35] INFO  o.e.m.c.i.embedder.EclipseLogger - Using 'UTF-8' encoding to copy filtered resources.
2019-03-14 21:29:01,898 [Worker-35] INFO  o.e.m.c.i.embedder.EclipseLogger - Copying 1 resource
2019-03-14 21:29:01,912 [Worker-35] INFO  o.e.m.c.i.embedder.EclipseLogger - Copying 0 resource
2019-03-14 21:29:01,923 [Worker-35] INFO  o.e.m.c.i.embedder.EclipseLogger - Using 'UTF-8' encoding to copy filtered resources.
2019-03-14 21:29:01,924 [Worker-35] INFO  o.e.m.c.i.embedder.EclipseLogger - skip non existing resourceDirectory C:\Users\Ellen\Documents\Engineering Prova\prova\src\test\resources
2019-03-14 22:37:35,516 [Worker-16] INFO  o.e.m.c.i.embedder.EclipseLogger - Using 'UTF-8' encoding to copy filtered resources.
2019-03-14 22:37:35,572 [Worker-16] INFO  o.e.m.c.i.embedder.EclipseLogger - Copying 1 resource
2019-03-14 22:37:35,639 [Worker-16] INFO  o.e.m.c.i.embedder.EclipseLogger - Copying 0 resource
2019-03-14 22:37:35,662 [Worker-16] INFO  o.e.m.c.i.embedder.EclipseLogger - Using 'UTF-8' encoding to copy filtered resources.
2019-03-14 22:37:35,663 [Worker-16] INFO  o.e.m.c.i.embedder.EclipseLogger - skip non existing resourceDirectory C:\Users\Ellen\Documents\Engineering Prova\prova\src\test\resources
2019-03-14 22:38:43,084 [Worker-17] INFO  o.e.m.c.i.embedder.EclipseLogger - Using 'UTF-8' encoding to copy filtered resources.
2019-03-14 22:38:43,139 [Worker-17] INFO  o.e.m.c.i.embedder.EclipseLogger - Copying 1 resource
2019-03-14 22:38:43,148 [Worker-17] INFO  o.e.m.c.i.embedder.EclipseLogger - Copying 0 resource
2019-03-14 22:38:43,157 [Worker-17] INFO  o.e.m.c.i.embedder.EclipseLogger - Using 'UTF-8' encoding to copy filtered resources.
2019-03-14 22:38:43,158 [Worker-17] INFO  o.e.m.c.i.embedder.EclipseLogger - skip non existing resourceDirectory C:\Users\Ellen\Documents\Engineering Prova\prova\src\test\resources
2019-03-14 22:38:49,967 [Worker-8] INFO  o.e.m.c.i.embedder.EclipseLogger - Using 'UTF-8' encoding to copy filtered resources.
2019-03-14 22:38:49,972 [Worker-8] INFO  o.e.m.c.i.embedder.EclipseLogger - Copying 1 resource
2019-03-14 22:38:49,980 [Worker-8] INFO  o.e.m.c.i.embedder.EclipseLogger - Copying 0 resource
2019-03-14 22:38:49,989 [Worker-8] INFO  o.e.m.c.i.embedder.EclipseLogger - Using 'UTF-8' encoding to copy filtered resources.
2019-03-14 22:38:49,989 [Worker-8] INFO  o.e.m.c.i.embedder.EclipseLogger - skip non existing resourceDirectory C:\Users\Ellen\Documents\Engineering Prova\prova\src\test\resources
2019-03-14 22:44:37,054 [Worker-21] INFO  o.e.m.c.i.embedder.EclipseLogger - Using 'UTF-8' encoding to copy filtered resources.
2019-03-14 22:44:37,060 [Worker-21] INFO  o.e.m.c.i.embedder.EclipseLogger - Copying 1 resource
2019-03-14 22:44:37,067 [Worker-21] INFO  o.e.m.c.i.embedder.EclipseLogger - Copying 0 resource
2019-03-14 22:44:37,096 [Worker-21] INFO  o.e.m.c.i.embedder.EclipseLogger - Using 'UTF-8' encoding to copy filtered resources.
2019-03-14 22:44:37,096 [Worker-21] INFO  o.e.m.c.i.embedder.EclipseLogger - skip non existing resourceDirectory C:\Users\Ellen\Documents\Engineering Prova\prova\src\test\resources
2019-03-14 22:45:01,408 [Worker-22] INFO  o.e.m.c.i.embedder.EclipseLogger - Using 'UTF-8' encoding to copy filtered resources.
2019-03-14 22:45:01,414 [Worker-22] INFO  o.e.m.c.i.embedder.EclipseLogger - Copying 1 resource
2019-03-14 22:45:01,424 [Worker-22] INFO  o.e.m.c.i.embedder.EclipseLogger - Copying 0 resource
2019-03-14 22:45:01,433 [Worker-22] INFO  o.e.m.c.i.embedder.EclipseLogger - Using 'UTF-8' encoding to copy filtered resources.
2019-03-14 22:45:01,434 [Worker-22] INFO  o.e.m.c.i.embedder.EclipseLogger - skip non existing resourceDirectory C:\Users\Ellen\Documents\Engineering Prova\prova\src\test\resources
2019-03-14 22:53:33,974 [Worker-22] INFO  o.e.m.c.i.embedder.EclipseLogger - Using 'UTF-8' encoding to copy filtered resources.
2019-03-14 22:53:33,980 [Worker-22] INFO  o.e.m.c.i.embedder.EclipseLogger - Copying 1 resource
2019-03-14 22:53:33,998 [Worker-22] INFO  o.e.m.c.i.embedder.EclipseLogger - Copying 0 resource
2019-03-14 22:53:34,009 [Worker-22] INFO  o.e.m.c.i.embedder.EclipseLogger - Using 'UTF-8' encoding to copy filtered resources.
2019-03-14 22:53:34,009 [Worker-22] INFO  o.e.m.c.i.embedder.EclipseLogger - skip non existing resourceDirectory C:\Users\Ellen\Documents\Engineering Prova\prova\src\test\resources
2019-03-14 22:57:01,696 [Worker-27] INFO  o.e.m.c.i.embedder.EclipseLogger - Using 'UTF-8' encoding to copy filtered resources.
2019-03-14 22:57:01,702 [Worker-27] INFO  o.e.m.c.i.embedder.EclipseLogger - Copying 1 resource
2019-03-14 22:57:01,710 [Worker-27] INFO  o.e.m.c.i.embedder.EclipseLogger - Copying 0 resource
2019-03-14 22:57:01,719 [Worker-27] INFO  o.e.m.c.i.embedder.EclipseLogger - Using 'UTF-8' encoding to copy filtered resources.
2019-03-14 22:57:01,720 [Worker-27] INFO  o.e.m.c.i.embedder.EclipseLogger - skip non existing resourceDirectory C:\Users\Ellen\Documents\Engineering Prova\prova\src\test\resources
2019-03-14 23:05:09,655 [Worker-32] INFO  o.e.m.c.i.embedder.EclipseLogger - Using 'UTF-8' encoding to copy filtered resources.
2019-03-14 23:05:09,655 [Worker-32] INFO  o.e.m.c.i.embedder.EclipseLogger - Copying 1 resource
2019-03-14 23:05:09,671 [Worker-32] INFO  o.e.m.c.i.embedder.EclipseLogger - Copying 0 resource
2019-03-14 23:05:09,686 [Worker-32] INFO  o.e.m.c.i.embedder.EclipseLogger - Using 'UTF-8' encoding to copy filtered resources.
2019-03-14 23:05:09,686 [Worker-32] INFO  o.e.m.c.i.embedder.EclipseLogger - skip non existing resourceDirectory C:\Users\Ellen\Documents\Engineering Prova\prova\src\test\resources
2019-03-14 23:06:09,170 [Worker-35] INFO  o.e.m.c.i.embedder.EclipseLogger - Using 'UTF-8' encoding to copy filtered resources.
2019-03-14 23:06:09,170 [Worker-35] INFO  o.e.m.c.i.embedder.EclipseLogger - Copying 1 resource
2019-03-14 23:06:09,186 [Worker-35] INFO  o.e.m.c.i.embedder.EclipseLogger - Copying 0 resource
2019-03-14 23:06:09,201 [Worker-35] INFO  o.e.m.c.i.embedder.EclipseLogger - Using 'UTF-8' encoding to copy filtered resources.
2019-03-14 23:06:09,201 [Worker-35] INFO  o.e.m.c.i.embedder.EclipseLogger - skip non existing resourceDirectory C:\Users\Ellen\Documents\Engineering Prova\prova\src\test\resources
2019-03-14 23:06:39,310 [Worker-33] INFO  o.e.m.c.i.embedder.EclipseLogger - Using 'UTF-8' encoding to copy filtered resources.
2019-03-14 23:06:39,310 [Worker-33] INFO  o.e.m.c.i.embedder.EclipseLogger - Copying 1 resource
2019-03-14 23:06:39,325 [Worker-33] INFO  o.e.m.c.i.embedder.EclipseLogger - Copying 0 resource
2019-03-14 23:06:39,325 [Worker-33] INFO  o.e.m.c.i.embedder.EclipseLogger - Using 'UTF-8' encoding to copy filtered resources.
2019-03-14 23:06:39,325 [Worker-33] INFO  o.e.m.c.i.embedder.EclipseLogger - skip non existing resourceDirectory C:\Users\Ellen\Documents\Engineering Prova\prova\src\test\resources
2019-03-14 23:06:44,818 [Worker-33] INFO  o.e.m.c.i.embedder.EclipseLogger - Using 'UTF-8' encoding to copy filtered resources.
2019-03-14 23:06:44,823 [Worker-33] INFO  o.e.m.c.i.embedder.EclipseLogger - Copying 1 resource
2019-03-14 23:06:44,832 [Worker-33] INFO  o.e.m.c.i.embedder.EclipseLogger - Copying 0 resource
2019-03-14 23:06:44,840 [Worker-33] INFO  o.e.m.c.i.embedder.EclipseLogger - Using 'UTF-8' encoding to copy filtered resources.
2019-03-14 23:06:44,841 [Worker-33] INFO  o.e.m.c.i.embedder.EclipseLogger - skip non existing resourceDirectory C:\Users\Ellen\Documents\Engineering Prova\prova\src\test\resources
2019-03-14 23:11:50,126 [Worker-31] INFO  o.e.m.c.i.embedder.EclipseLogger - Using 'UTF-8' encoding to copy filtered resources.
2019-03-14 23:11:50,136 [Worker-31] INFO  o.e.m.c.i.embedder.EclipseLogger - Copying 1 resource
2019-03-14 23:11:50,144 [Worker-31] INFO  o.e.m.c.i.embedder.EclipseLogger - Copying 0 resource
2019-03-14 23:11:50,156 [Worker-31] INFO  o.e.m.c.i.embedder.EclipseLogger - Using 'UTF-8' encoding to copy filtered resources.
2019-03-14 23:11:50,157 [Worker-31] INFO  o.e.m.c.i.embedder.EclipseLogger - skip non existing resourceDirectory C:\Users\Ellen\Documents\Engineering Prova\prova\src\test\resources
2019-03-14 23:12:06,306 [Worker-32] INFO  o.e.m.c.i.embedder.EclipseLogger - Using 'UTF-8' encoding to copy filtered resources.
2019-03-14 23:12:06,312 [Worker-32] INFO  o.e.m.c.i.embedder.EclipseLogger - Copying 1 resource
2019-03-14 23:12:06,319 [Worker-32] INFO  o.e.m.c.i.embedder.EclipseLogger - Copying 0 resource
2019-03-14 23:12:06,371 [Worker-32] INFO  o.e.m.c.i.embedder.EclipseLogger - Using 'UTF-8' encoding to copy filtered resources.
2019-03-14 23:12:06,372 [Worker-32] INFO  o.e.m.c.i.embedder.EclipseLogger - skip non existing resourceDirectory C:\Users\Ellen\Documents\Engineering Prova\prova\src\test\resources
2019-03-14 23:12:18,073 [Worker-31] INFO  o.e.m.c.i.embedder.EclipseLogger - Using 'UTF-8' encoding to copy filtered resources.
2019-03-14 23:12:18,078 [Worker-31] INFO  o.e.m.c.i.embedder.EclipseLogger - Copying 1 resource
2019-03-14 23:12:18,085 [Worker-31] INFO  o.e.m.c.i.embedder.EclipseLogger - Copying 0 resource
2019-03-14 23:12:18,093 [Worker-31] INFO  o.e.m.c.i.embedder.EclipseLogger - Using 'UTF-8' encoding to copy filtered resources.
2019-03-14 23:12:18,094 [Worker-31] INFO  o.e.m.c.i.embedder.EclipseLogger - skip non existing resourceDirectory C:\Users\Ellen\Documents\Engineering Prova\prova\src\test\resources
2019-03-14 23:13:12,159 [Worker-38] INFO  o.e.m.c.i.embedder.EclipseLogger - Using 'UTF-8' encoding to copy filtered resources.
2019-03-14 23:13:12,166 [Worker-38] INFO  o.e.m.c.i.embedder.EclipseLogger - Copying 1 resource
2019-03-14 23:13:12,175 [Worker-38] INFO  o.e.m.c.i.embedder.EclipseLogger - Copying 0 resource
2019-03-14 23:13:12,185 [Worker-38] INFO  o.e.m.c.i.embedder.EclipseLogger - Using 'UTF-8' encoding to copy filtered resources.
2019-03-14 23:13:12,186 [Worker-38] INFO  o.e.m.c.i.embedder.EclipseLogger - skip non existing resourceDirectory C:\Users\Ellen\Documents\Engineering Prova\prova\src\test\resources
2019-03-14 23:13:25,029 [Worker-39] INFO  o.e.m.c.i.embedder.EclipseLogger - Using 'UTF-8' encoding to copy filtered resources.
2019-03-14 23:13:25,035 [Worker-39] INFO  o.e.m.c.i.embedder.EclipseLogger - Copying 1 resource
2019-03-14 23:13:25,043 [Worker-39] INFO  o.e.m.c.i.embedder.EclipseLogger - Copying 0 resource
2019-03-14 23:13:25,090 [Worker-39] INFO  o.e.m.c.i.embedder.EclipseLogger - Using 'UTF-8' encoding to copy filtered resources.
2019-03-14 23:13:25,091 [Worker-39] INFO  o.e.m.c.i.embedder.EclipseLogger - skip non existing resourceDirectory C:\Users\Ellen\Documents\Engineering Prova\prova\src\test\resources
2019-03-14 23:13:42,602 [Worker-31] INFO  o.e.m.c.i.embedder.EclipseLogger - Using 'UTF-8' encoding to copy filtered resources.
2019-03-14 23:13:42,607 [Worker-31] INFO  o.e.m.c.i.embedder.EclipseLogger - Copying 1 resource
2019-03-14 23:13:42,615 [Worker-31] INFO  o.e.m.c.i.embedder.EclipseLogger - Copying 0 resource
2019-03-14 23:13:42,630 [Worker-31] INFO  o.e.m.c.i.embedder.EclipseLogger - Using 'UTF-8' encoding to copy filtered resources.
2019-03-14 23:13:42,631 [Worker-31] INFO  o.e.m.c.i.embedder.EclipseLogger - skip non existing resourceDirectory C:\Users\Ellen\Documents\Engineering Prova\prova\src\test\resources
2019-03-14 23:31:18,396 [Worker-42] INFO  o.e.m.c.i.embedder.EclipseLogger - Using 'UTF-8' encoding to copy filtered resources.
2019-03-14 23:31:18,400 [Worker-42] INFO  o.e.m.c.i.embedder.EclipseLogger - Copying 1 resource
2019-03-14 23:31:18,405 [Worker-42] INFO  o.e.m.c.i.embedder.EclipseLogger - Copying 0 resource
2019-03-14 23:31:18,425 [Worker-42] INFO  o.e.m.c.i.embedder.EclipseLogger - Using 'UTF-8' encoding to copy filtered resources.
2019-03-14 23:31:18,425 [Worker-42] INFO  o.e.m.c.i.embedder.EclipseLogger - skip non existing resourceDirectory C:\Users\Ellen\Documents\Engineering Prova\prova\src\test\resources
2019-03-14 23:31:39,430 [Worker-44] INFO  o.e.m.c.i.embedder.EclipseLogger - Using 'UTF-8' encoding to copy filtered resources.
2019-03-14 23:31:39,432 [Worker-44] INFO  o.e.m.c.i.embedder.EclipseLogger - Copying 1 resource
2019-03-14 23:31:39,435 [Worker-44] INFO  o.e.m.c.i.embedder.EclipseLogger - Copying 0 resource
2019-03-14 23:31:39,437 [Worker-44] INFO  o.e.m.c.i.embedder.EclipseLogger - Using 'UTF-8' encoding to copy filtered resources.
2019-03-14 23:31:39,438 [Worker-44] INFO  o.e.m.c.i.embedder.EclipseLogger - skip non existing resourceDirectory C:\Users\Ellen\Documents\Engineering Prova\prova\src\test\resources
2019-03-15 12:16:30,739 [Worker-55] INFO  o.e.m.c.i.embedder.EclipseLogger - Using 'UTF-8' encoding to copy filtered resources.
2019-03-15 12:16:30,755 [Worker-55] INFO  o.e.m.c.i.embedder.EclipseLogger - Copying 1 resource
2019-03-15 12:16:30,771 [Worker-55] INFO  o.e.m.c.i.embedder.EclipseLogger - Copying 0 resource
2019-03-15 12:16:30,771 [Worker-55] INFO  o.e.m.c.i.embedder.EclipseLogger - Using 'UTF-8' encoding to copy filtered resources.
2019-03-15 12:16:30,771 [Worker-55] INFO  o.e.m.c.i.embedder.EclipseLogger - skip non existing resourceDirectory C:\Users\Ellen\Documents\Engineering Prova\prova\src\test\resources
2019-03-15 12:16:37,076 [Worker-53] INFO  o.e.m.c.i.embedder.EclipseLogger - Using 'UTF-8' encoding to copy filtered resources.
2019-03-15 12:16:37,091 [Worker-53] INFO  o.e.m.c.i.embedder.EclipseLogger - Copying 1 resource
2019-03-15 12:16:37,091 [Worker-53] INFO  o.e.m.c.i.embedder.EclipseLogger - Copying 0 resource
2019-03-15 12:16:37,091 [Worker-53] INFO  o.e.m.c.i.embedder.EclipseLogger - Using 'UTF-8' encoding to copy filtered resources.
2019-03-15 12:16:37,091 [Worker-53] INFO  o.e.m.c.i.embedder.EclipseLogger - skip non existing resourceDirectory C:\Users\Ellen\Documents\Engineering Prova\prova\src\test\resources
2019-03-15 12:21:07,194 [Worker-53] INFO  o.e.m.c.i.embedder.EclipseLogger - Using 'UTF-8' encoding to copy filtered resources.
2019-03-15 12:21:07,209 [Worker-53] INFO  o.e.m.c.i.embedder.EclipseLogger - Copying 1 resource
2019-03-15 12:21:07,209 [Worker-53] INFO  o.e.m.c.i.embedder.EclipseLogger - Copying 0 resource
2019-03-15 12:21:07,225 [Worker-53] INFO  o.e.m.c.i.embedder.EclipseLogger - Using 'UTF-8' encoding to copy filtered resources.
2019-03-15 12:21:07,225 [Worker-53] INFO  o.e.m.c.i.embedder.EclipseLogger - skip non existing resourceDirectory C:\Users\Ellen\Documents\Engineering Prova\prova\src\test\resources
2019-03-15 12:21:08,281 [Worker-64] INFO  o.e.m.c.i.embedder.EclipseLogger - Using 'UTF-8' encoding to copy filtered resources.
2019-03-15 12:21:08,281 [Worker-64] INFO  o.e.m.c.i.embedder.EclipseLogger - Copying 1 resource
2019-03-15 12:21:08,281 [Worker-64] INFO  o.e.m.c.i.embedder.EclipseLogger - Copying 0 resource
2019-03-15 12:21:08,297 [Worker-64] INFO  o.e.m.c.i.embedder.EclipseLogger - Using 'UTF-8' encoding to copy filtered resources.
2019-03-15 12:21:08,297 [Worker-64] INFO  o.e.m.c.i.embedder.EclipseLogger - skip non existing resourceDirectory C:\Users\Ellen\Documents\Engineering Prova\prova\src\test\resources
2019-03-15 12:21:27,206 [Worker-53] INFO  o.e.m.c.i.embedder.EclipseLogger - Using 'UTF-8' encoding to copy filtered resources.
2019-03-15 12:21:27,211 [Worker-53] INFO  o.e.m.c.i.embedder.EclipseLogger - Copying 1 resource
2019-03-15 12:21:27,218 [Worker-53] INFO  o.e.m.c.i.embedder.EclipseLogger - Copying 0 resource
2019-03-15 12:21:27,225 [Worker-53] INFO  o.e.m.c.i.embedder.EclipseLogger - Using 'UTF-8' encoding to copy filtered resources.
2019-03-15 12:21:27,225 [Worker-53] INFO  o.e.m.c.i.embedder.EclipseLogger - skip non existing resourceDirectory C:\Users\Ellen\Documents\Engineering Prova\prova\src\test\resources
2019-03-15 12:21:33,959 [Worker-57] INFO  o.e.m.c.i.embedder.EclipseLogger - Using 'UTF-8' encoding to copy filtered resources.
2019-03-15 12:21:33,975 [Worker-57] INFO  o.e.m.c.i.embedder.EclipseLogger - Copying 1 resource
2019-03-15 12:21:33,975 [Worker-57] INFO  o.e.m.c.i.embedder.EclipseLogger - Copying 0 resource
2019-03-15 12:21:33,975 [Worker-57] INFO  o.e.m.c.i.embedder.EclipseLogger - Using 'UTF-8' encoding to copy filtered resources.
2019-03-15 12:21:33,975 [Worker-57] INFO  o.e.m.c.i.embedder.EclipseLogger - skip non existing resourceDirectory C:\Users\Ellen\Documents\Engineering Prova\prova\src\test\resources
2019-03-15 12:22:00,860 [Worker-53] INFO  o.e.m.c.i.embedder.EclipseLogger - Using 'UTF-8' encoding to copy filtered resources.
2019-03-15 12:22:00,860 [Worker-53] INFO  o.e.m.c.i.embedder.EclipseLogger - Copying 1 resource
2019-03-15 12:22:00,860 [Worker-53] INFO  o.e.m.c.i.embedder.EclipseLogger - Copying 0 resource
2019-03-15 12:22:00,876 [Worker-53] INFO  o.e.m.c.i.embedder.EclipseLogger - Using 'UTF-8' encoding to copy filtered resources.
2019-03-15 12:22:00,876 [Worker-53] INFO  o.e.m.c.i.embedder.EclipseLogger - skip non existing resourceDirectory C:\Users\Ellen\Documents\Engineering Prova\prova\src\test\resources
2019-03-15 12:22:25,704 [Worker-53] INFO  o.e.m.c.i.embedder.EclipseLogger - Using 'UTF-8' encoding to copy filtered resources.
2019-03-15 12:22:25,708 [Worker-53] INFO  o.e.m.c.i.embedder.EclipseLogger - Copying 1 resource
2019-03-15 12:22:25,715 [Worker-53] INFO  o.e.m.c.i.embedder.EclipseLogger - Copying 0 resource
2019-03-15 12:22:25,721 [Worker-53] INFO  o.e.m.c.i.embedder.EclipseLogger - Using 'UTF-8' encoding to copy filtered resources.
2019-03-15 12:22:25,722 [Worker-53] INFO  o.e.m.c.i.embedder.EclipseLogger - skip non existing resourceDirectory C:\Users\Ellen\Documents\Engineering Prova\prova\src\test\resources
2019-03-15 12:23:54,583 [Worker-61] INFO  o.e.m.c.i.embedder.EclipseLogger - Using 'UTF-8' encoding to copy filtered resources.
2019-03-15 12:23:54,583 [Worker-61] INFO  o.e.m.c.i.embedder.EclipseLogger - Copying 1 resource
2019-03-15 12:23:54,583 [Worker-61] INFO  o.e.m.c.i.embedder.EclipseLogger - Copying 0 resource
2019-03-15 12:23:54,599 [Worker-61] INFO  o.e.m.c.i.embedder.EclipseLogger - Using 'UTF-8' encoding to copy filtered resources.
2019-03-15 12:23:54,599 [Worker-61] INFO  o.e.m.c.i.embedder.EclipseLogger - skip non existing resourceDirectory C:\Users\Ellen\Documents\Engineering Prova\prova\src\test\resources
2019-03-15 12:24:33,220 [Worker-64] INFO  o.e.m.c.i.embedder.EclipseLogger - Using 'UTF-8' encoding to copy filtered resources.
2019-03-15 12:24:33,224 [Worker-64] INFO  o.e.m.c.i.embedder.EclipseLogger - Copying 1 resource
2019-03-15 12:24:33,224 [Worker-64] INFO  o.e.m.c.i.embedder.EclipseLogger - Copying 0 resource
2019-03-15 12:24:33,224 [Worker-64] INFO  o.e.m.c.i.embedder.EclipseLogger - Using 'UTF-8' encoding to copy filtered resources.
2019-03-15 12:24:33,224 [Worker-64] INFO  o.e.m.c.i.embedder.EclipseLogger - skip non existing resourceDirectory C:\Users\Ellen\Documents\Engineering Prova\prova\src\test\resources
2019-03-15 12:25:30,188 [Worker-63] INFO  o.e.m.c.i.embedder.EclipseLogger - Using 'UTF-8' encoding to copy filtered resources.
2019-03-15 12:25:30,191 [Worker-63] INFO  o.e.m.c.i.embedder.EclipseLogger - Copying 1 resource
2019-03-15 12:25:30,194 [Worker-63] INFO  o.e.m.c.i.embedder.EclipseLogger - Copying 0 resource
2019-03-15 12:25:30,197 [Worker-63] INFO  o.e.m.c.i.embedder.EclipseLogger - Using 'UTF-8' encoding to copy filtered resources.
2019-03-15 12:25:30,197 [Worker-63] INFO  o.e.m.c.i.embedder.EclipseLogger - skip non existing resourceDirectory C:\Users\Ellen\Documents\Engineering Prova\prova\src\test\resources
2019-03-15 12:25:44,193 [Worker-59] INFO  o.e.m.c.i.embedder.EclipseLogger - Using 'UTF-8' encoding to copy filtered resources.
2019-03-15 12:25:44,193 [Worker-59] INFO  o.e.m.c.i.embedder.EclipseLogger - Copying 1 resource
2019-03-15 12:25:44,209 [Worker-59] INFO  o.e.m.c.i.embedder.EclipseLogger - Copying 0 resource
2019-03-15 12:25:44,209 [Worker-59] INFO  o.e.m.c.i.embedder.EclipseLogger - Using 'UTF-8' encoding to copy filtered resources.
2019-03-15 12:25:44,209 [Worker-59] INFO  o.e.m.c.i.embedder.EclipseLogger - skip non existing resourceDirectory C:\Users\Ellen\Documents\Engineering Prova\prova\src\test\resources
2019-03-15 12:25:51,910 [Worker-61] INFO  o.e.m.c.i.embedder.EclipseLogger - Using 'UTF-8' encoding to copy filtered resources.
2019-03-15 12:25:51,912 [Worker-61] INFO  o.e.m.c.i.embedder.EclipseLogger - Copying 1 resource
2019-03-15 12:25:51,915 [Worker-61] INFO  o.e.m.c.i.embedder.EclipseLogger - Copying 0 resource
2019-03-15 12:25:51,931 [Worker-61] INFO  o.e.m.c.i.embedder.EclipseLogger - Using 'UTF-8' encoding to copy filtered resources.
2019-03-15 12:25:51,932 [Worker-61] INFO  o.e.m.c.i.embedder.EclipseLogger - skip non existing resourceDirectory C:\Users\Ellen\Documents\Engineering Prova\prova\src\test\resources
2019-03-15 12:26:05,939 [Worker-60] INFO  o.e.m.c.i.embedder.EclipseLogger - Using 'UTF-8' encoding to copy filtered resources.
2019-03-15 12:26:05,943 [Worker-60] INFO  o.e.m.c.i.embedder.EclipseLogger - Copying 1 resource
2019-03-15 12:26:05,950 [Worker-60] INFO  o.e.m.c.i.embedder.EclipseLogger - Copying 0 resource
2019-03-15 12:26:05,960 [Worker-60] INFO  o.e.m.c.i.embedder.EclipseLogger - Using 'UTF-8' encoding to copy filtered resources.
2019-03-15 12:26:05,960 [Worker-60] INFO  o.e.m.c.i.embedder.EclipseLogger - skip non existing resourceDirectory C:\Users\Ellen\Documents\Engineering Prova\prova\src\test\resources
2019-03-15 12:26:36,181 [Worker-63] INFO  o.e.m.c.i.embedder.EclipseLogger - Using 'UTF-8' encoding to copy filtered resources.
2019-03-15 12:26:36,183 [Worker-63] INFO  o.e.m.c.i.embedder.EclipseLogger - Copying 1 resource
2019-03-15 12:26:36,186 [Worker-63] INFO  o.e.m.c.i.embedder.EclipseLogger - Copying 0 resource
2019-03-15 12:26:36,189 [Worker-63] INFO  o.e.m.c.i.embedder.EclipseLogger - Using 'UTF-8' encoding to copy filtered resources.
2019-03-15 12:26:36,189 [Worker-63] INFO  o.e.m.c.i.embedder.EclipseLogger - skip non existing resourceDirectory C:\Users\Ellen\Documents\Engineering Prova\prova\src\test\resources
2019-03-15 12:27:19,834 [Worker-61] INFO  o.e.m.c.i.embedder.EclipseLogger - Using 'UTF-8' encoding to copy filtered resources.
2019-03-15 12:27:19,850 [Worker-61] INFO  o.e.m.c.i.embedder.EclipseLogger - Copying 1 resource
2019-03-15 12:27:19,866 [Worker-61] INFO  o.e.m.c.i.embedder.EclipseLogger - Copying 0 resource
2019-03-15 12:27:19,881 [Worker-61] INFO  o.e.m.c.i.embedder.EclipseLogger - Using 'UTF-8' encoding to copy filtered resources.
2019-03-15 12:27:19,881 [Worker-61] INFO  o.e.m.c.i.embedder.EclipseLogger - skip non existing resourceDirectory C:\Users\Ellen\Documents\Engineering Prova\prova\src\test\resources
2019-03-15 12:41:03,953 [Worker-69] INFO  o.e.m.c.i.embedder.EclipseLogger - Using 'UTF-8' encoding to copy filtered resources.
2019-03-15 12:41:03,984 [Worker-69] INFO  o.e.m.c.i.embedder.EclipseLogger - Copying 1 resource
2019-03-15 12:41:03,984 [Worker-69] INFO  o.e.m.c.i.embedder.EclipseLogger - Copying 0 resource
2019-03-15 12:41:03,999 [Worker-69] INFO  o.e.m.c.i.embedder.EclipseLogger - Using 'UTF-8' encoding to copy filtered resources.
2019-03-15 12:41:03,999 [Worker-69] INFO  o.e.m.c.i.embedder.EclipseLogger - skip non existing resourceDirectory C:\Users\Ellen\Documents\Engineering Prova\prova\src\test\resources
2019-03-15 12:41:08,260 [Worker-69] INFO  o.e.m.c.i.embedder.EclipseLogger - Using 'UTF-8' encoding to copy filtered resources.
2019-03-15 12:41:08,277 [Worker-69] INFO  o.e.m.c.i.embedder.EclipseLogger - Copying 1 resource
2019-03-15 12:41:08,284 [Worker-69] INFO  o.e.m.c.i.embedder.EclipseLogger - Copying 0 resource
2019-03-15 12:41:08,288 [Worker-69] INFO  o.e.m.c.i.embedder.EclipseLogger - Using 'UTF-8' encoding to copy filtered resources.
2019-03-15 12:41:08,288 [Worker-69] INFO  o.e.m.c.i.embedder.EclipseLogger - skip non existing resourceDirectory C:\Users\Ellen\Documents\Engineering Prova\prova\src\test\resources
2019-03-15 12:42:34,770 [Worker-72] INFO  o.e.m.c.i.embedder.EclipseLogger - Using 'UTF-8' encoding to copy filtered resources.
2019-03-15 12:42:34,786 [Worker-72] INFO  o.e.m.c.i.embedder.EclipseLogger - Copying 1 resource
2019-03-15 12:42:34,786 [Worker-72] INFO  o.e.m.c.i.embedder.EclipseLogger - Copying 0 resource
2019-03-15 12:42:34,802 [Worker-72] INFO  o.e.m.c.i.embedder.EclipseLogger - Using 'UTF-8' encoding to copy filtered resources.
2019-03-15 12:42:34,802 [Worker-72] INFO  o.e.m.c.i.embedder.EclipseLogger - skip non existing resourceDirectory C:\Users\Ellen\Documents\Engineering Prova\prova\src\test\resources
2019-03-15 12:44:28,458 [Worker-68] INFO  o.e.m.c.i.embedder.EclipseLogger - Using 'UTF-8' encoding to copy filtered resources.
2019-03-15 12:44:28,458 [Worker-68] INFO  o.e.m.c.i.embedder.EclipseLogger - Copying 1 resource
2019-03-15 12:44:28,474 [Worker-68] INFO  o.e.m.c.i.embedder.EclipseLogger - Copying 0 resource
2019-03-15 12:44:28,474 [Worker-68] INFO  o.e.m.c.i.embedder.EclipseLogger - Using 'UTF-8' encoding to copy filtered resources.
2019-03-15 12:44:28,474 [Worker-68] INFO  o.e.m.c.i.embedder.EclipseLogger - skip non existing resourceDirectory C:\Users\Ellen\Documents\Engineering Prova\prova\src\test\resources
2019-03-15 12:44:40,065 [Worker-69] INFO  o.e.m.c.i.embedder.EclipseLogger - Using 'UTF-8' encoding to copy filtered resources.
2019-03-15 12:44:40,065 [Worker-69] INFO  o.e.m.c.i.embedder.EclipseLogger - Copying 1 resource
2019-03-15 12:44:40,080 [Worker-69] INFO  o.e.m.c.i.embedder.EclipseLogger - Copying 0 resource
2019-03-15 12:44:40,080 [Worker-69] INFO  o.e.m.c.i.embedder.EclipseLogger - Using 'UTF-8' encoding to copy filtered resources.
2019-03-15 12:44:40,080 [Worker-69] INFO  o.e.m.c.i.embedder.EclipseLogger - skip non existing resourceDirectory C:\Users\Ellen\Documents\Engineering Prova\prova\src\test\resources
2019-03-15 12:49:48,901 [Worker-61] INFO  o.e.m.c.i.embedder.EclipseLogger - Using 'UTF-8' encoding to copy filtered resources.
2019-03-15 12:49:48,906 [Worker-61] INFO  o.e.m.c.i.embedder.EclipseLogger - Copying 1 resource
2019-03-15 12:49:48,914 [Worker-61] INFO  o.e.m.c.i.embedder.EclipseLogger - Copying 0 resource
2019-03-15 12:49:48,920 [Worker-61] INFO  o.e.m.c.i.embedder.EclipseLogger - Using 'UTF-8' encoding to copy filtered resources.
2019-03-15 12:49:48,921 [Worker-61] INFO  o.e.m.c.i.embedder.EclipseLogger - skip non existing resourceDirectory C:\Users\Ellen\Documents\Engineering Prova\prova\src\test\resources
2019-03-15 12:51:49,635 [Worker-74] INFO  o.e.m.c.i.embedder.EclipseLogger - Using 'UTF-8' encoding to copy filtered resources.
2019-03-15 12:51:49,640 [Worker-74] INFO  o.e.m.c.i.embedder.EclipseLogger - Copying 1 resource
2019-03-15 12:51:49,648 [Worker-74] INFO  o.e.m.c.i.embedder.EclipseLogger - Copying 0 resource
2019-03-15 12:51:49,656 [Worker-74] INFO  o.e.m.c.i.embedder.EclipseLogger - Using 'UTF-8' encoding to copy filtered resources.
2019-03-15 12:51:49,657 [Worker-74] INFO  o.e.m.c.i.embedder.EclipseLogger - skip non existing resourceDirectory C:\Users\Ellen\Documents\Engineering Prova\prova\src\test\resources
2019-03-15 12:51:58,640 [Worker-70] INFO  o.e.m.c.i.embedder.EclipseLogger - Using 'UTF-8' encoding to copy filtered resources.
2019-03-15 12:51:58,645 [Worker-70] INFO  o.e.m.c.i.embedder.EclipseLogger - Copying 1 resource
2019-03-15 12:51:58,653 [Worker-70] INFO  o.e.m.c.i.embedder.EclipseLogger - Copying 0 resource
2019-03-15 12:51:58,661 [Worker-70] INFO  o.e.m.c.i.embedder.EclipseLogger - Using 'UTF-8' encoding to copy filtered resources.
2019-03-15 12:51:58,662 [Worker-70] INFO  o.e.m.c.i.embedder.EclipseLogger - skip non existing resourceDirectory C:\Users\Ellen\Documents\Engineering Prova\prova\src\test\resources
2019-03-15 12:53:23,267 [Worker-76] INFO  o.e.m.c.i.embedder.EclipseLogger - Using 'UTF-8' encoding to copy filtered resources.
2019-03-15 12:53:23,273 [Worker-76] INFO  o.e.m.c.i.embedder.EclipseLogger - Copying 1 resource
2019-03-15 12:53:23,279 [Worker-76] INFO  o.e.m.c.i.embedder.EclipseLogger - Copying 0 resource
2019-03-15 12:53:23,289 [Worker-76] INFO  o.e.m.c.i.embedder.EclipseLogger - Using 'UTF-8' encoding to copy filtered resources.
2019-03-15 12:53:23,290 [Worker-76] INFO  o.e.m.c.i.embedder.EclipseLogger - skip non existing resourceDirectory C:\Users\Ellen\Documents\Engineering Prova\prova\src\test\resources
2019-03-15 12:54:01,586 [Worker-69] INFO  o.e.m.c.i.embedder.EclipseLogger - Using 'UTF-8' encoding to copy filtered resources.
2019-03-15 12:54:01,595 [Worker-69] INFO  o.e.m.c.i.embedder.EclipseLogger - Copying 1 resource
2019-03-15 12:54:01,603 [Worker-69] INFO  o.e.m.c.i.embedder.EclipseLogger - Copying 0 resource
2019-03-15 12:54:01,625 [Worker-69] INFO  o.e.m.c.i.embedder.EclipseLogger - Using 'UTF-8' encoding to copy filtered resources.
2019-03-15 12:54:01,626 [Worker-69] INFO  o.e.m.c.i.embedder.EclipseLogger - skip non existing resourceDirectory C:\Users\Ellen\Documents\Engineering Prova\prova\src\test\resources
2019-03-15 12:54:36,446 [Worker-74] INFO  o.e.m.c.i.embedder.EclipseLogger - Using 'UTF-8' encoding to copy filtered resources.
2019-03-15 12:54:36,451 [Worker-74] INFO  o.e.m.c.i.embedder.EclipseLogger - Copying 1 resource
2019-03-15 12:54:36,481 [Worker-74] INFO  o.e.m.c.i.embedder.EclipseLogger - Copying 0 resource
2019-03-15 12:54:36,489 [Worker-74] INFO  o.e.m.c.i.embedder.EclipseLogger - Using 'UTF-8' encoding to copy filtered resources.
2019-03-15 12:54:36,490 [Worker-74] INFO  o.e.m.c.i.embedder.EclipseLogger - skip non existing resourceDirectory C:\Users\Ellen\Documents\Engineering Prova\prova\src\test\resources
2019-03-15 12:55:57,621 [Worker-74] INFO  o.e.m.c.i.embedder.EclipseLogger - Using 'UTF-8' encoding to copy filtered resources.
2019-03-15 12:55:57,626 [Worker-74] INFO  o.e.m.c.i.embedder.EclipseLogger - Copying 1 resource
2019-03-15 12:55:57,636 [Worker-74] INFO  o.e.m.c.i.embedder.EclipseLogger - Copying 0 resource
2019-03-15 12:55:57,643 [Worker-74] INFO  o.e.m.c.i.embedder.EclipseLogger - Using 'UTF-8' encoding to copy filtered resources.
2019-03-15 12:55:57,644 [Worker-74] INFO  o.e.m.c.i.embedder.EclipseLogger - skip non existing resourceDirectory C:\Users\Ellen\Documents\Engineering Prova\prova\src\test\resources
2019-03-15 12:56:25,191 [Worker-78] INFO  o.e.m.c.i.embedder.EclipseLogger - Using 'UTF-8' encoding to copy filtered resources.
2019-03-15 12:56:25,197 [Worker-78] INFO  o.e.m.c.i.embedder.EclipseLogger - Copying 1 resource
2019-03-15 12:56:25,205 [Worker-78] INFO  o.e.m.c.i.embedder.EclipseLogger - Copying 0 resource
2019-03-15 12:56:25,212 [Worker-78] INFO  o.e.m.c.i.embedder.EclipseLogger - Using 'UTF-8' encoding to copy filtered resources.
2019-03-15 12:56:25,213 [Worker-78] INFO  o.e.m.c.i.embedder.EclipseLogger - skip non existing resourceDirectory C:\Users\Ellen\Documents\Engineering Prova\prova\src\test\resources
2019-03-15 12:58:04,442 [Worker-80] INFO  o.e.m.c.i.embedder.EclipseLogger - Using 'UTF-8' encoding to copy filtered resources.
2019-03-15 12:58:04,447 [Worker-80] INFO  o.e.m.c.i.embedder.EclipseLogger - Copying 1 resource
2019-03-15 12:58:04,455 [Worker-80] INFO  o.e.m.c.i.embedder.EclipseLogger - Copying 0 resource
2019-03-15 12:58:04,462 [Worker-80] INFO  o.e.m.c.i.embedder.EclipseLogger - Using 'UTF-8' encoding to copy filtered resources.
2019-03-15 12:58:04,463 [Worker-80] INFO  o.e.m.c.i.embedder.EclipseLogger - skip non existing resourceDirectory C:\Users\Ellen\Documents\Engineering Prova\prova\src\test\resources
2019-03-15 13:01:52,360 [Worker-84] INFO  o.e.m.c.i.embedder.EclipseLogger - Using 'UTF-8' encoding to copy filtered resources.
2019-03-15 13:01:52,366 [Worker-84] INFO  o.e.m.c.i.embedder.EclipseLogger - Copying 1 resource
2019-03-15 13:01:52,379 [Worker-84] INFO  o.e.m.c.i.embedder.EclipseLogger - Copying 0 resource
2019-03-15 13:01:52,387 [Worker-84] INFO  o.e.m.c.i.embedder.EclipseLogger - Using 'UTF-8' encoding to copy filtered resources.
2019-03-15 13:01:52,388 [Worker-84] INFO  o.e.m.c.i.embedder.EclipseLogger - skip non existing resourceDirectory C:\Users\Ellen\Documents\Engineering Prova\prova\src\test\resources
2019-03-15 13:01:59,285 [Worker-78] INFO  o.e.m.c.i.embedder.EclipseLogger - Using 'UTF-8' encoding to copy filtered resources.
2019-03-15 13:01:59,290 [Worker-78] INFO  o.e.m.c.i.embedder.EclipseLogger - Copying 1 resource
2019-03-15 13:01:59,299 [Worker-78] INFO  o.e.m.c.i.embedder.EclipseLogger - Copying 0 resource
2019-03-15 13:01:59,307 [Worker-78] INFO  o.e.m.c.i.embedder.EclipseLogger - Using 'UTF-8' encoding to copy filtered resources.
2019-03-15 13:01:59,309 [Worker-78] INFO  o.e.m.c.i.embedder.EclipseLogger - skip non existing resourceDirectory C:\Users\Ellen\Documents\Engineering Prova\prova\src\test\resources
2019-03-15 13:02:57,899 [Worker-86] INFO  o.e.m.c.i.embedder.EclipseLogger - Using 'UTF-8' encoding to copy filtered resources.
2019-03-15 13:02:57,904 [Worker-86] INFO  o.e.m.c.i.embedder.EclipseLogger - Copying 1 resource
2019-03-15 13:02:57,914 [Worker-86] INFO  o.e.m.c.i.embedder.EclipseLogger - Copying 0 resource
2019-03-15 13:02:57,920 [Worker-86] INFO  o.e.m.c.i.embedder.EclipseLogger - Using 'UTF-8' encoding to copy filtered resources.
2019-03-15 13:02:57,921 [Worker-86] INFO  o.e.m.c.i.embedder.EclipseLogger - skip non existing resourceDirectory C:\Users\Ellen\Documents\Engineering Prova\prova\src\test\resources
2019-03-15 13:15:22,753 [Worker-87] INFO  o.e.m.c.i.embedder.EclipseLogger - Using 'UTF-8' encoding to copy filtered resources.
2019-03-15 13:15:22,758 [Worker-87] INFO  o.e.m.c.i.embedder.EclipseLogger - Copying 1 resource
2019-03-15 13:15:22,758 [Worker-87] INFO  o.e.m.c.i.embedder.EclipseLogger - Copying 0 resource
2019-03-15 13:15:22,758 [Worker-87] INFO  o.e.m.c.i.embedder.EclipseLogger - Using 'UTF-8' encoding to copy filtered resources.
2019-03-15 13:15:22,774 [Worker-87] INFO  o.e.m.c.i.embedder.EclipseLogger - skip non existing resourceDirectory C:\Users\Ellen\Documents\Engineering Prova\prova\src\test\resources
2019-03-15 13:15:52,576 [Worker-90] INFO  o.e.m.c.i.embedder.EclipseLogger - Using 'UTF-8' encoding to copy filtered resources.
2019-03-15 13:15:52,576 [Worker-90] INFO  o.e.m.c.i.embedder.EclipseLogger - Copying 1 resource
2019-03-15 13:15:52,576 [Worker-90] INFO  o.e.m.c.i.embedder.EclipseLogger - Copying 0 resource
2019-03-15 13:15:52,591 [Worker-90] INFO  o.e.m.c.i.embedder.EclipseLogger - Using 'UTF-8' encoding to copy filtered resources.
2019-03-15 13:15:52,591 [Worker-90] INFO  o.e.m.c.i.embedder.EclipseLogger - skip non existing resourceDirectory C:\Users\Ellen\Documents\Engineering Prova\prova\src\test\resources
2019-03-15 13:16:00,794 [Worker-93] INFO  o.e.m.c.i.embedder.EclipseLogger - Using 'UTF-8' encoding to copy filtered resources.
2019-03-15 13:16:00,800 [Worker-93] INFO  o.e.m.c.i.embedder.EclipseLogger - Copying 1 resource
2019-03-15 13:16:00,806 [Worker-93] INFO  o.e.m.c.i.embedder.EclipseLogger - Copying 0 resource
2019-03-15 13:16:00,813 [Worker-93] INFO  o.e.m.c.i.embedder.EclipseLogger - Using 'UTF-8' encoding to copy filtered resources.
2019-03-15 13:16:00,813 [Worker-93] INFO  o.e.m.c.i.embedder.EclipseLogger - skip non existing resourceDirectory C:\Users\Ellen\Documents\Engineering Prova\prova\src\test\resources
2019-03-15 13:16:47,310 [Worker-94] INFO  o.e.m.c.i.embedder.EclipseLogger - Using 'UTF-8' encoding to copy filtered resources.
2019-03-15 13:16:47,326 [Worker-94] INFO  o.e.m.c.i.embedder.EclipseLogger - Copying 1 resource
2019-03-15 13:16:47,326 [Worker-94] INFO  o.e.m.c.i.embedder.EclipseLogger - Copying 0 resource
2019-03-15 13:16:47,341 [Worker-94] INFO  o.e.m.c.i.embedder.EclipseLogger - Using 'UTF-8' encoding to copy filtered resources.
2019-03-15 13:16:47,341 [Worker-94] INFO  o.e.m.c.i.embedder.EclipseLogger - skip non existing resourceDirectory C:\Users\Ellen\Documents\Engineering Prova\prova\src\test\resources
2019-03-15 13:16:50,905 [Worker-91] INFO  o.e.m.c.i.embedder.EclipseLogger - Using 'UTF-8' encoding to copy filtered resources.
2019-03-15 13:16:50,910 [Worker-91] INFO  o.e.m.c.i.embedder.EclipseLogger - Copying 1 resource
2019-03-15 13:16:50,916 [Worker-91] INFO  o.e.m.c.i.embedder.EclipseLogger - Copying 0 resource
2019-03-15 13:16:50,923 [Worker-91] INFO  o.e.m.c.i.embedder.EclipseLogger - Using 'UTF-8' encoding to copy filtered resources.
2019-03-15 13:16:50,924 [Worker-91] INFO  o.e.m.c.i.embedder.EclipseLogger - skip non existing resourceDirectory C:\Users\Ellen\Documents\Engineering Prova\prova\src\test\resources
2019-03-15 13:16:52,155 [Worker-87] INFO  o.e.m.c.i.embedder.EclipseLogger - Using 'UTF-8' encoding to copy filtered resources.
2019-03-15 13:16:52,155 [Worker-87] INFO  o.e.m.c.i.embedder.EclipseLogger - Copying 1 resource
2019-03-15 13:16:52,155 [Worker-87] INFO  o.e.m.c.i.embedder.EclipseLogger - Copying 0 resource
2019-03-15 13:16:52,171 [Worker-87] INFO  o.e.m.c.i.embedder.EclipseLogger - Using 'UTF-8' encoding to copy filtered resources.
2019-03-15 13:16:52,171 [Worker-87] INFO  o.e.m.c.i.embedder.EclipseLogger - skip non existing resourceDirectory C:\Users\Ellen\Documents\Engineering Prova\prova\src\test\resources
2019-03-15 13:17:02,804 [Worker-78] INFO  o.e.m.c.i.embedder.EclipseLogger - Using 'UTF-8' encoding to copy filtered resources.
2019-03-15 13:17:02,820 [Worker-78] INFO  o.e.m.c.i.embedder.EclipseLogger - Copying 1 resource
2019-03-15 13:17:02,820 [Worker-78] INFO  o.e.m.c.i.embedder.EclipseLogger - Copying 0 resource
2019-03-15 13:17:02,835 [Worker-78] INFO  o.e.m.c.i.embedder.EclipseLogger - Using 'UTF-8' encoding to copy filtered resources.
2019-03-15 13:17:02,835 [Worker-78] INFO  o.e.m.c.i.embedder.EclipseLogger - skip non existing resourceDirectory C:\Users\Ellen\Documents\Engineering Prova\prova\src\test\resources
2019-03-15 13:33:20,103 [Worker-100] INFO  o.e.m.c.i.embedder.EclipseLogger - Using 'UTF-8' encoding to copy filtered resources.
2019-03-15 13:33:20,118 [Worker-100] INFO  o.e.m.c.i.embedder.EclipseLogger - Copying 1 resource
2019-03-15 13:33:20,118 [Worker-100] INFO  o.e.m.c.i.embedder.EclipseLogger - Copying 0 resource
2019-03-15 13:33:20,134 [Worker-100] INFO  o.e.m.c.i.embedder.EclipseLogger - Using 'UTF-8' encoding to copy filtered resources.
2019-03-15 13:33:20,134 [Worker-100] INFO  o.e.m.c.i.embedder.EclipseLogger - skip non existing resourceDirectory C:\Users\Ellen\Documents\Engineering Prova\prova\src\test\resources
2019-03-15 13:33:31,740 [Worker-99] INFO  o.e.m.c.i.embedder.EclipseLogger - Using 'UTF-8' encoding to copy filtered resources.
2019-03-15 13:33:31,745 [Worker-99] INFO  o.e.m.c.i.embedder.EclipseLogger - Copying 1 resource
2019-03-15 13:33:31,753 [Worker-99] INFO  o.e.m.c.i.embedder.EclipseLogger - Copying 0 resource
2019-03-15 13:33:31,761 [Worker-99] INFO  o.e.m.c.i.embedder.EclipseLogger - Using 'UTF-8' encoding to copy filtered resources.
2019-03-15 13:33:31,761 [Worker-99] INFO  o.e.m.c.i.embedder.EclipseLogger - skip non existing resourceDirectory C:\Users\Ellen\Documents\Engineering Prova\prova\src\test\resources
2019-03-15 13:33:58,823 [Worker-100] INFO  o.e.m.c.i.embedder.EclipseLogger - Using 'UTF-8' encoding to copy filtered resources.
2019-03-15 13:33:58,839 [Worker-100] INFO  o.e.m.c.i.embedder.EclipseLogger - Copying 1 resource
2019-03-15 13:33:58,839 [Worker-100] INFO  o.e.m.c.i.embedder.EclipseLogger - Copying 0 resource
2019-03-15 13:33:58,854 [Worker-100] INFO  o.e.m.c.i.embedder.EclipseLogger - Using 'UTF-8' encoding to copy filtered resources.
2019-03-15 13:33:58,854 [Worker-100] INFO  o.e.m.c.i.embedder.EclipseLogger - skip non existing resourceDirectory C:\Users\Ellen\Documents\Engineering Prova\prova\src\test\resources
2019-03-15 13:34:38,150 [Worker-78] INFO  o.e.m.c.i.embedder.EclipseLogger - Using 'UTF-8' encoding to copy filtered resources.
2019-03-15 13:34:38,150 [Worker-78] INFO  o.e.m.c.i.embedder.EclipseLogger - Copying 1 resource
2019-03-15 13:34:38,150 [Worker-78] INFO  o.e.m.c.i.embedder.EclipseLogger - Copying 0 resource
2019-03-15 13:34:38,173 [Worker-78] INFO  o.e.m.c.i.embedder.EclipseLogger - Using 'UTF-8' encoding to copy filtered resources.
2019-03-15 13:34:38,173 [Worker-78] INFO  o.e.m.c.i.embedder.EclipseLogger - skip non existing resourceDirectory C:\Users\Ellen\Documents\Engineering Prova\prova\src\test\resources
2019-03-15 13:43:59,721 [Worker-103] INFO  o.e.m.c.i.embedder.EclipseLogger - Using 'UTF-8' encoding to copy filtered resources.
2019-03-15 13:43:59,728 [Worker-103] INFO  o.e.m.c.i.embedder.EclipseLogger - Copying 1 resource
2019-03-15 13:43:59,738 [Worker-103] INFO  o.e.m.c.i.embedder.EclipseLogger - Copying 0 resource
2019-03-15 13:43:59,749 [Worker-103] INFO  o.e.m.c.i.embedder.EclipseLogger - Using 'UTF-8' encoding to copy filtered resources.
2019-03-15 13:43:59,750 [Worker-103] INFO  o.e.m.c.i.embedder.EclipseLogger - skip non existing resourceDirectory C:\Users\Ellen\Documents\Engineering Prova\prova\src\test\resources
2019-03-15 13:44:24,724 [Worker-102] INFO  o.e.m.c.i.embedder.EclipseLogger - Using 'UTF-8' encoding to copy filtered resources.
2019-03-15 13:44:24,740 [Worker-102] INFO  o.e.m.c.i.embedder.EclipseLogger - Copying 1 resource
2019-03-15 13:44:24,740 [Worker-102] INFO  o.e.m.c.i.embedder.EclipseLogger - Copying 0 resource
2019-03-15 13:44:24,760 [Worker-102] INFO  o.e.m.c.i.embedder.EclipseLogger - Using 'UTF-8' encoding to copy filtered resources.
2019-03-15 13:44:24,761 [Worker-102] INFO  o.e.m.c.i.embedder.EclipseLogger - skip non existing resourceDirectory C:\Users\Ellen\Documents\Engineering Prova\prova\src\test\resources
2019-03-15 20:35:45,584 [Worker-119] INFO  o.e.m.c.i.embedder.EclipseLogger - Using 'UTF-8' encoding to copy filtered resources.
2019-03-15 20:35:45,587 [Worker-119] INFO  o.e.m.c.i.embedder.EclipseLogger - Copying 1 resource
2019-03-15 20:35:45,593 [Worker-119] INFO  o.e.m.c.i.embedder.EclipseLogger - Copying 0 resource
2019-03-15 20:35:45,599 [Worker-119] INFO  o.e.m.c.i.embedder.EclipseLogger - Using 'UTF-8' encoding to copy filtered resources.
2019-03-15 20:35:45,600 [Worker-119] INFO  o.e.m.c.i.embedder.EclipseLogger - skip non existing resourceDirectory C:\Users\Ellen\Documents\Engineering Prova\prova\src\test\resources
2019-03-15 20:35:46,700 [Worker-118] INFO  o.e.m.c.i.embedder.EclipseLogger - Using 'UTF-8' encoding to copy filtered resources.
2019-03-15 20:35:46,704 [Worker-118] INFO  o.e.m.c.i.embedder.EclipseLogger - Copying 1 resource
2019-03-15 20:35:46,711 [Worker-118] INFO  o.e.m.c.i.embedder.EclipseLogger - Copying 0 resource
2019-03-15 20:35:46,717 [Worker-118] INFO  o.e.m.c.i.embedder.EclipseLogger - Using 'UTF-8' encoding to copy filtered resources.
2019-03-15 20:35:46,718 [Worker-118] INFO  o.e.m.c.i.embedder.EclipseLogger - skip non existing resourceDirectory C:\Users\Ellen\Documents\Engineering Prova\prova\src\test\resources
2019-03-15 20:50:58,168 [Worker-125] INFO  o.e.m.c.i.embedder.EclipseLogger - Using 'UTF-8' encoding to copy filtered resources.
2019-03-15 20:50:58,168 [Worker-125] INFO  o.e.m.c.i.embedder.EclipseLogger - Copying 1 resource
2019-03-15 20:50:58,184 [Worker-125] INFO  o.e.m.c.i.embedder.EclipseLogger - Copying 0 resource
2019-03-15 20:50:58,184 [Worker-125] INFO  o.e.m.c.i.embedder.EclipseLogger - Using 'UTF-8' encoding to copy filtered resources.
2019-03-15 20:50:58,184 [Worker-125] INFO  o.e.m.c.i.embedder.EclipseLogger - skip non existing resourceDirectory C:\Users\Ellen\Documents\Engineering Prova\prova\src\test\resources
2019-03-15 20:50:59,231 [Worker-122] INFO  o.e.m.c.i.embedder.EclipseLogger - Using 'UTF-8' encoding to copy filtered resources.
2019-03-15 20:50:59,236 [Worker-122] INFO  o.e.m.c.i.embedder.EclipseLogger - Copying 1 resource
2019-03-15 20:50:59,244 [Worker-122] INFO  o.e.m.c.i.embedder.EclipseLogger - Copying 0 resource
2019-03-15 20:50:59,251 [Worker-122] INFO  o.e.m.c.i.embedder.EclipseLogger - Using 'UTF-8' encoding to copy filtered resources.
2019-03-15 20:50:59,252 [Worker-122] INFO  o.e.m.c.i.embedder.EclipseLogger - skip non existing resourceDirectory C:\Users\Ellen\Documents\Engineering Prova\prova\src\test\resources
2019-03-15 21:08:12,433 [Worker-132] INFO  o.e.m.c.i.embedder.EclipseLogger - Using 'UTF-8' encoding to copy filtered resources.
2019-03-15 21:08:12,433 [Worker-132] INFO  o.e.m.c.i.embedder.EclipseLogger - Copying 1 resource
2019-03-15 21:08:12,433 [Worker-132] INFO  o.e.m.c.i.embedder.EclipseLogger - Copying 0 resource
2019-03-15 21:08:12,449 [Worker-132] INFO  o.e.m.c.i.embedder.EclipseLogger - Using 'UTF-8' encoding to copy filtered resources.
2019-03-15 21:08:12,449 [Worker-132] INFO  o.e.m.c.i.embedder.EclipseLogger - skip non existing resourceDirectory C:\Users\Ellen\Documents\Engineering Prova\prova\src\test\resources
2019-03-15 21:11:43,532 [Worker-132] INFO  o.e.m.c.i.embedder.EclipseLogger - Using 'UTF-8' encoding to copy filtered resources.
2019-03-15 21:11:43,532 [Worker-132] INFO  o.e.m.c.i.embedder.EclipseLogger - Copying 1 resource
2019-03-15 21:11:43,532 [Worker-132] INFO  o.e.m.c.i.embedder.EclipseLogger - Copying 0 resource
2019-03-15 21:11:43,547 [Worker-132] INFO  o.e.m.c.i.embedder.EclipseLogger - Using 'UTF-8' encoding to copy filtered resources.
2019-03-15 21:11:43,547 [Worker-132] INFO  o.e.m.c.i.embedder.EclipseLogger - skip non existing resourceDirectory C:\Users\Ellen\Documents\Engineering Prova\prova\src\test\resources
2019-03-15 21:32:33,419 [Worker-147] INFO  o.e.m.c.i.embedder.EclipseLogger - Using 'UTF-8' encoding to copy filtered resources.
2019-03-15 21:32:33,425 [Worker-147] INFO  o.e.m.c.i.embedder.EclipseLogger - Copying 1 resource
2019-03-15 21:32:33,434 [Worker-147] INFO  o.e.m.c.i.embedder.EclipseLogger - Copying 0 resource
2019-03-15 21:32:33,441 [Worker-147] INFO  o.e.m.c.i.embedder.EclipseLogger - Using 'UTF-8' encoding to copy filtered resources.
2019-03-15 21:32:33,441 [Worker-147] INFO  o.e.m.c.i.embedder.EclipseLogger - skip non existing resourceDirectory C:\Users\Ellen\Documents\Engineering Prova\prova\src\test\resources
2019-03-15 21:52:49,338 [Worker-156] INFO  o.e.m.c.i.embedder.EclipseLogger - Using 'UTF-8' encoding to copy filtered resources.
2019-03-15 21:52:49,342 [Worker-156] INFO  o.e.m.c.i.embedder.EclipseLogger - Copying 1 resource
2019-03-15 21:52:49,348 [Worker-156] INFO  o.e.m.c.i.embedder.EclipseLogger - Copying 0 resource
2019-03-15 21:52:49,352 [Worker-156] INFO  o.e.m.c.i.embedder.EclipseLogger - Using 'UTF-8' encoding to copy filtered resources.
2019-03-15 21:52:49,352 [Worker-156] INFO  o.e.m.c.i.embedder.EclipseLogger - skip non existing resourceDirectory C:\Users\Ellen\Documents\Engineering Prova\prova\src\test\resources
2019-03-15 22:43:55,039 [Worker-172] INFO  o.e.m.c.i.embedder.EclipseLogger - Using 'UTF-8' encoding to copy filtered resources.
2019-03-15 22:43:55,039 [Worker-172] INFO  o.e.m.c.i.embedder.EclipseLogger - Copying 1 resource
2019-03-15 22:43:55,055 [Worker-172] INFO  o.e.m.c.i.embedder.EclipseLogger - Copying 0 resource
2019-03-15 22:43:55,070 [Worker-172] INFO  o.e.m.c.i.embedder.EclipseLogger - Using 'UTF-8' encoding to copy filtered resources.
2019-03-15 22:43:55,070 [Worker-172] INFO  o.e.m.c.i.embedder.EclipseLogger - skip non existing resourceDirectory C:\Users\Ellen\Documents\Engineering Prova\prova\src\test\resources
2019-03-15 22:43:58,324 [Worker-173] INFO  o.e.m.c.i.embedder.EclipseLogger - Using 'UTF-8' encoding to copy filtered resources.
2019-03-15 22:43:58,329 [Worker-173] INFO  o.e.m.c.i.embedder.EclipseLogger - Copying 1 resource
2019-03-15 22:43:58,336 [Worker-173] INFO  o.e.m.c.i.embedder.EclipseLogger - Copying 0 resource
2019-03-15 22:43:58,344 [Worker-173] INFO  o.e.m.c.i.embedder.EclipseLogger - Using 'UTF-8' encoding to copy filtered resources.
2019-03-15 22:43:58,345 [Worker-173] INFO  o.e.m.c.i.embedder.EclipseLogger - skip non existing resourceDirectory C:\Users\Ellen\Documents\Engineering Prova\prova\src\test\resources
2019-03-15 22:57:43,710 [Worker-177] INFO  o.e.m.c.i.embedder.EclipseLogger - Using 'UTF-8' encoding to copy filtered resources.
2019-03-15 22:57:43,710 [Worker-177] INFO  o.e.m.c.i.embedder.EclipseLogger - Copying 1 resource
2019-03-15 22:57:43,710 [Worker-177] INFO  o.e.m.c.i.embedder.EclipseLogger - Copying 0 resource
2019-03-15 22:57:43,726 [Worker-177] INFO  o.e.m.c.i.embedder.EclipseLogger - Using 'UTF-8' encoding to copy filtered resources.
2019-03-15 22:57:43,726 [Worker-177] INFO  o.e.m.c.i.embedder.EclipseLogger - skip non existing resourceDirectory C:\Users\Ellen\Documents\Engineering Prova\prova\src\test\resources
2019-03-15 22:57:46,610 [Worker-175] INFO  o.e.m.c.i.embedder.EclipseLogger - Using 'UTF-8' encoding to copy filtered resources.
2019-03-15 22:57:46,616 [Worker-175] INFO  o.e.m.c.i.embedder.EclipseLogger - Copying 1 resource
2019-03-15 22:57:46,622 [Worker-175] INFO  o.e.m.c.i.embedder.EclipseLogger - Copying 0 resource
2019-03-15 22:57:46,628 [Worker-175] INFO  o.e.m.c.i.embedder.EclipseLogger - Using 'UTF-8' encoding to copy filtered resources.
2019-03-15 22:57:46,629 [Worker-175] INFO  o.e.m.c.i.embedder.EclipseLogger - skip non existing resourceDirectory C:\Users\Ellen\Documents\Engineering Prova\prova\src\test\resources
2019-03-15 23:00:25,827 [Worker-173] INFO  o.e.m.c.i.embedder.EclipseLogger - Using 'UTF-8' encoding to copy filtered resources.
2019-03-15 23:00:25,827 [Worker-173] INFO  o.e.m.c.i.embedder.EclipseLogger - Copying 1 resource
2019-03-15 23:00:25,843 [Worker-173] INFO  o.e.m.c.i.embedder.EclipseLogger - Copying 0 resource
2019-03-15 23:00:25,843 [Worker-173] INFO  o.e.m.c.i.embedder.EclipseLogger - Using 'UTF-8' encoding to copy filtered resources.
2019-03-15 23:00:25,843 [Worker-173] INFO  o.e.m.c.i.embedder.EclipseLogger - skip non existing resourceDirectory C:\Users\Ellen\Documents\Engineering Prova\prova\src\test\resources
2019-03-15 23:03:41,429 [Worker-180] INFO  o.e.m.c.i.embedder.EclipseLogger - Using 'UTF-8' encoding to copy filtered resources.
2019-03-15 23:03:41,435 [Worker-180] INFO  o.e.m.c.i.embedder.EclipseLogger - Copying 1 resource
2019-03-15 23:03:41,444 [Worker-180] INFO  o.e.m.c.i.embedder.EclipseLogger - Copying 0 resource
2019-03-15 23:03:41,452 [Worker-180] INFO  o.e.m.c.i.embedder.EclipseLogger - Using 'UTF-8' encoding to copy filtered resources.
2019-03-15 23:03:41,454 [Worker-180] INFO  o.e.m.c.i.embedder.EclipseLogger - skip non existing resourceDirectory C:\Users\Ellen\Documents\Engineering Prova\prova\src\test\resources
2019-03-15 23:04:36,580 [Worker-179] INFO  o.e.m.c.i.embedder.EclipseLogger - Using 'UTF-8' encoding to copy filtered resources.
2019-03-15 23:04:36,580 [Worker-179] INFO  o.e.m.c.i.embedder.EclipseLogger - Copying 1 resource
2019-03-15 23:04:36,596 [Worker-179] INFO  o.e.m.c.i.embedder.EclipseLogger - Copying 0 resource
2019-03-15 23:04:36,612 [Worker-179] INFO  o.e.m.c.i.embedder.EclipseLogger - Using 'UTF-8' encoding to copy filtered resources.
2019-03-15 23:04:36,612 [Worker-179] INFO  o.e.m.c.i.embedder.EclipseLogger - skip non existing resourceDirectory C:\Users\Ellen\Documents\Engineering Prova\prova\src\test\resources
2019-03-15 23:05:04,408 [Worker-181] INFO  o.e.m.c.i.embedder.EclipseLogger - Using 'UTF-8' encoding to copy filtered resources.
2019-03-15 23:05:04,408 [Worker-181] INFO  o.e.m.c.i.embedder.EclipseLogger - Copying 1 resource
2019-03-15 23:05:04,424 [Worker-181] INFO  o.e.m.c.i.embedder.EclipseLogger - Copying 0 resource
2019-03-15 23:05:04,424 [Worker-181] INFO  o.e.m.c.i.embedder.EclipseLogger - Using 'UTF-8' encoding to copy filtered resources.
2019-03-15 23:05:04,424 [Worker-181] INFO  o.e.m.c.i.embedder.EclipseLogger - skip non existing resourceDirectory C:\Users\Ellen\Documents\Engineering Prova\prova\src\test\resources
2019-03-15 23:05:31,307 [Worker-179] INFO  o.e.m.c.i.embedder.EclipseLogger - Using 'UTF-8' encoding to copy filtered resources.
2019-03-15 23:05:31,311 [Worker-179] INFO  o.e.m.c.i.embedder.EclipseLogger - Copying 1 resource
2019-03-15 23:05:31,318 [Worker-179] INFO  o.e.m.c.i.embedder.EclipseLogger - Copying 0 resource
2019-03-15 23:05:31,324 [Worker-179] INFO  o.e.m.c.i.embedder.EclipseLogger - Using 'UTF-8' encoding to copy filtered resources.
2019-03-15 23:05:31,324 [Worker-179] INFO  o.e.m.c.i.embedder.EclipseLogger - skip non existing resourceDirectory C:\Users\Ellen\Documents\Engineering Prova\prova\src\test\resources
2019-03-15 23:07:03,888 [Worker-181] INFO  o.e.m.c.i.embedder.EclipseLogger - Using 'UTF-8' encoding to copy filtered resources.
2019-03-15 23:07:03,894 [Worker-181] INFO  o.e.m.c.i.embedder.EclipseLogger - Copying 1 resource
2019-03-15 23:07:03,901 [Worker-181] INFO  o.e.m.c.i.embedder.EclipseLogger - Copying 0 resource
2019-03-15 23:07:03,908 [Worker-181] INFO  o.e.m.c.i.embedder.EclipseLogger - Using 'UTF-8' encoding to copy filtered resources.
2019-03-15 23:07:03,909 [Worker-181] INFO  o.e.m.c.i.embedder.EclipseLogger - skip non existing resourceDirectory C:\Users\Ellen\Documents\Engineering Prova\prova\src\test\resources
2019-03-15 23:07:13,936 [Worker-181] INFO  o.e.m.c.i.embedder.EclipseLogger - Using 'UTF-8' encoding to copy filtered resources.
2019-03-15 23:07:13,953 [Worker-181] INFO  o.e.m.c.i.embedder.EclipseLogger - Copying 1 resource
2019-03-15 23:07:13,959 [Worker-181] INFO  o.e.m.c.i.embedder.EclipseLogger - Copying 0 resource
2019-03-15 23:07:13,965 [Worker-181] INFO  o.e.m.c.i.embedder.EclipseLogger - Using 'UTF-8' encoding to copy filtered resources.
2019-03-15 23:07:13,966 [Worker-181] INFO  o.e.m.c.i.embedder.EclipseLogger - skip non existing resourceDirectory C:\Users\Ellen\Documents\Engineering Prova\prova\src\test\resources
2019-03-15 23:11:59,551 [Worker-188] INFO  o.e.m.c.i.embedder.EclipseLogger - Using 'UTF-8' encoding to copy filtered resources.
2019-03-15 23:11:59,567 [Worker-188] INFO  o.e.m.c.i.embedder.EclipseLogger - Copying 1 resource
2019-03-15 23:11:59,567 [Worker-188] INFO  o.e.m.c.i.embedder.EclipseLogger - Copying 0 resource
2019-03-15 23:11:59,582 [Worker-188] INFO  o.e.m.c.i.embedder.EclipseLogger - Using 'UTF-8' encoding to copy filtered resources.
2019-03-15 23:11:59,582 [Worker-188] INFO  o.e.m.c.i.embedder.EclipseLogger - skip non existing resourceDirectory C:\Users\Ellen\Documents\Engineering Prova\prova\src\test\resources
2019-03-15 23:12:41,887 [Worker-188] INFO  o.e.m.c.i.embedder.EclipseLogger - Using 'UTF-8' encoding to copy filtered resources.
2019-03-15 23:12:41,892 [Worker-188] INFO  o.e.m.c.i.embedder.EclipseLogger - Copying 1 resource
2019-03-15 23:12:41,898 [Worker-188] INFO  o.e.m.c.i.embedder.EclipseLogger - Copying 0 resource
2019-03-15 23:12:41,905 [Worker-188] INFO  o.e.m.c.i.embedder.EclipseLogger - Using 'UTF-8' encoding to copy filtered resources.
2019-03-15 23:12:41,905 [Worker-188] INFO  o.e.m.c.i.embedder.EclipseLogger - skip non existing resourceDirectory C:\Users\Ellen\Documents\Engineering Prova\prova\src\test\resources
2019-03-15 23:12:44,887 [Worker-179] INFO  o.e.m.c.i.embedder.EclipseLogger - Using 'UTF-8' encoding to copy filtered resources.
2019-03-15 23:12:44,902 [Worker-179] INFO  o.e.m.c.i.embedder.EclipseLogger - Copying 1 resource
2019-03-15 23:12:44,902 [Worker-179] INFO  o.e.m.c.i.embedder.EclipseLogger - Copying 0 resource
2019-03-15 23:12:44,902 [Worker-179] INFO  o.e.m.c.i.embedder.EclipseLogger - Using 'UTF-8' encoding to copy filtered resources.
2019-03-15 23:12:44,902 [Worker-179] INFO  o.e.m.c.i.embedder.EclipseLogger - skip non existing resourceDirectory C:\Users\Ellen\Documents\Engineering Prova\prova\src\test\resources
2019-03-15 23:12:56,471 [Worker-188] INFO  o.e.m.c.i.embedder.EclipseLogger - Using 'UTF-8' encoding to copy filtered resources.
2019-03-15 23:12:56,471 [Worker-188] INFO  o.e.m.c.i.embedder.EclipseLogger - Copying 1 resource
2019-03-15 23:12:56,487 [Worker-188] INFO  o.e.m.c.i.embedder.EclipseLogger - Copying 0 resource
2019-03-15 23:12:56,487 [Worker-188] INFO  o.e.m.c.i.embedder.EclipseLogger - Using 'UTF-8' encoding to copy filtered resources.
2019-03-15 23:12:56,487 [Worker-188] INFO  o.e.m.c.i.embedder.EclipseLogger - skip non existing resourceDirectory C:\Users\Ellen\Documents\Engineering Prova\prova\src\test\resources
2019-03-15 23:23:42,742 [Worker-193] INFO  o.e.m.c.i.embedder.EclipseLogger - Using 'UTF-8' encoding to copy filtered resources.
2019-03-15 23:23:42,742 [Worker-193] INFO  o.e.m.c.i.embedder.EclipseLogger - Copying 1 resource
2019-03-15 23:23:42,758 [Worker-193] INFO  o.e.m.c.i.embedder.EclipseLogger - Copying 0 resource
2019-03-15 23:23:42,758 [Worker-193] INFO  o.e.m.c.i.embedder.EclipseLogger - Using 'UTF-8' encoding to copy filtered resources.
2019-03-15 23:23:42,758 [Worker-193] INFO  o.e.m.c.i.embedder.EclipseLogger - skip non existing resourceDirectory C:\Users\Ellen\Documents\Engineering Prova\prova\src\test\resources
2019-03-15 23:23:46,512 [Worker-192] INFO  o.e.m.c.i.embedder.EclipseLogger - Using 'UTF-8' encoding to copy filtered resources.
2019-03-15 23:23:46,512 [Worker-192] INFO  o.e.m.c.i.embedder.EclipseLogger - Copying 1 resource
2019-03-15 23:23:46,528 [Worker-192] INFO  o.e.m.c.i.embedder.EclipseLogger - Copying 0 resource
2019-03-15 23:23:46,528 [Worker-192] INFO  o.e.m.c.i.embedder.EclipseLogger - Using 'UTF-8' encoding to copy filtered resources.
2019-03-15 23:23:46,528 [Worker-192] INFO  o.e.m.c.i.embedder.EclipseLogger - skip non existing resourceDirectory C:\Users\Ellen\Documents\Engineering Prova\prova\src\test\resources
2019-03-15 23:33:47,523 [Worker-201] INFO  o.e.m.c.i.embedder.EclipseLogger - Using 'UTF-8' encoding to copy filtered resources.
2019-03-15 23:33:47,544 [Worker-201] INFO  o.e.m.c.i.embedder.EclipseLogger - Copying 1 resource
2019-03-15 23:33:47,552 [Worker-201] INFO  o.e.m.c.i.embedder.EclipseLogger - Copying 0 resource
2019-03-15 23:33:47,552 [Worker-201] INFO  o.e.m.c.i.embedder.EclipseLogger - Using 'UTF-8' encoding to copy filtered resources.
2019-03-15 23:33:47,552 [Worker-201] INFO  o.e.m.c.i.embedder.EclipseLogger - skip non existing resourceDirectory C:\Users\Ellen\Documents\Engineering Prova\prova\src\test\resources
2019-03-15 23:33:53,513 [Worker-200] INFO  o.e.m.c.i.embedder.EclipseLogger - Using 'UTF-8' encoding to copy filtered resources.
2019-03-15 23:33:53,517 [Worker-200] INFO  o.e.m.c.i.embedder.EclipseLogger - Copying 1 resource
2019-03-15 23:33:53,522 [Worker-200] INFO  o.e.m.c.i.embedder.EclipseLogger - Copying 0 resource
2019-03-15 23:33:53,526 [Worker-200] INFO  o.e.m.c.i.embedder.EclipseLogger - Using 'UTF-8' encoding to copy filtered resources.
2019-03-15 23:33:53,526 [Worker-200] INFO  o.e.m.c.i.embedder.EclipseLogger - skip non existing resourceDirectory C:\Users\Ellen\Documents\Engineering Prova\prova\src\test\resources
2019-03-15 23:33:59,460 [Worker-200] INFO  o.e.m.c.i.embedder.EclipseLogger - Using 'UTF-8' encoding to copy filtered resources.
2019-03-15 23:33:59,460 [Worker-200] INFO  o.e.m.c.i.embedder.EclipseLogger - Copying 1 resource
2019-03-15 23:33:59,460 [Worker-200] INFO  o.e.m.c.i.embedder.EclipseLogger - Copying 0 resource
2019-03-15 23:33:59,475 [Worker-200] INFO  o.e.m.c.i.embedder.EclipseLogger - Using 'UTF-8' encoding to copy filtered resources.
2019-03-15 23:33:59,475 [Worker-200] INFO  o.e.m.c.i.embedder.EclipseLogger - skip non existing resourceDirectory C:\Users\Ellen\Documents\Engineering Prova\prova\src\test\resources
2019-03-15 23:34:22,708 [Worker-202] INFO  o.e.m.c.i.embedder.EclipseLogger - Using 'UTF-8' encoding to copy filtered resources.
2019-03-15 23:34:22,712 [Worker-202] INFO  o.e.m.c.i.embedder.EclipseLogger - Copying 1 resource
2019-03-15 23:34:22,716 [Worker-202] INFO  o.e.m.c.i.embedder.EclipseLogger - Copying 0 resource
2019-03-15 23:34:22,716 [Worker-202] INFO  o.e.m.c.i.embedder.EclipseLogger - Using 'UTF-8' encoding to copy filtered resources.
2019-03-15 23:34:22,716 [Worker-202] INFO  o.e.m.c.i.embedder.EclipseLogger - skip non existing resourceDirectory C:\Users\Ellen\Documents\Engineering Prova\prova\src\test\resources
2019-03-15 23:34:25,101 [Worker-198] INFO  o.e.m.c.i.embedder.EclipseLogger - Using 'UTF-8' encoding to copy filtered resources.
2019-03-15 23:34:25,101 [Worker-198] INFO  o.e.m.c.i.embedder.EclipseLogger - Copying 1 resource
2019-03-15 23:34:25,101 [Worker-198] INFO  o.e.m.c.i.embedder.EclipseLogger - Copying 0 resource
2019-03-15 23:34:25,117 [Worker-198] INFO  o.e.m.c.i.embedder.EclipseLogger - Using 'UTF-8' encoding to copy filtered resources.
2019-03-15 23:34:25,117 [Worker-198] INFO  o.e.m.c.i.embedder.EclipseLogger - skip non existing resourceDirectory C:\Users\Ellen\Documents\Engineering Prova\prova\src\test\resources
2019-03-17 20:24:39,991 [Worker-220] INFO  o.e.m.c.i.embedder.EclipseLogger - Using 'UTF-8' encoding to copy filtered resources.
2019-03-17 20:24:40,023 [Worker-220] INFO  o.e.m.c.i.embedder.EclipseLogger - Copying 1 resource
2019-03-17 20:24:40,023 [Worker-220] INFO  o.e.m.c.i.embedder.EclipseLogger - Copying 0 resource
2019-03-17 20:24:40,038 [Worker-220] INFO  o.e.m.c.i.embedder.EclipseLogger - Using 'UTF-8' encoding to copy filtered resources.
2019-03-17 20:24:40,038 [Worker-220] INFO  o.e.m.c.i.embedder.EclipseLogger - skip non existing resourceDirectory C:\Users\Ellen\Documents\Engineering Prova\prova\src\test\resources
2019-03-17 20:25:53,050 [Worker-224] INFO  o.e.m.c.i.embedder.EclipseLogger - Using 'UTF-8' encoding to copy filtered resources.
2019-03-17 20:25:53,050 [Worker-224] INFO  o.e.m.c.i.embedder.EclipseLogger - Copying 1 resource
2019-03-17 20:25:53,066 [Worker-224] INFO  o.e.m.c.i.embedder.EclipseLogger - Copying 0 resource
2019-03-17 20:25:53,066 [Worker-224] INFO  o.e.m.c.i.embedder.EclipseLogger - Using 'UTF-8' encoding to copy filtered resources.
2019-03-17 20:25:53,066 [Worker-224] INFO  o.e.m.c.i.embedder.EclipseLogger - skip non existing resourceDirectory C:\Users\Ellen\Documents\Engineering Prova\prova\src\test\resources
2019-03-17 20:26:15,188 [Worker-227] INFO  o.e.m.c.i.embedder.EclipseLogger - Using 'UTF-8' encoding to copy filtered resources.
2019-03-17 20:26:15,192 [Worker-227] INFO  o.e.m.c.i.embedder.EclipseLogger - Copying 1 resource
2019-03-17 20:26:15,236 [Worker-227] INFO  o.e.m.c.i.embedder.EclipseLogger - Copying 0 resource
2019-03-17 20:26:15,248 [Worker-227] INFO  o.e.m.c.i.embedder.EclipseLogger - Using 'UTF-8' encoding to copy filtered resources.
2019-03-17 20:26:15,248 [Worker-227] INFO  o.e.m.c.i.embedder.EclipseLogger - skip non existing resourceDirectory C:\Users\Ellen\Documents\Engineering Prova\prova\src\test\resources
2019-03-17 20:27:19,709 [Worker-229] INFO  o.e.m.c.i.embedder.EclipseLogger - Using 'UTF-8' encoding to copy filtered resources.
2019-03-17 20:27:19,713 [Worker-229] INFO  o.e.m.c.i.embedder.EclipseLogger - Copying 1 resource
2019-03-17 20:27:19,718 [Worker-229] INFO  o.e.m.c.i.embedder.EclipseLogger - Copying 0 resource
2019-03-17 20:27:19,718 [Worker-229] INFO  o.e.m.c.i.embedder.EclipseLogger - Using 'UTF-8' encoding to copy filtered resources.
2019-03-17 20:27:19,718 [Worker-229] INFO  o.e.m.c.i.embedder.EclipseLogger - skip non existing resourceDirectory C:\Users\Ellen\Documents\Engineering Prova\prova\src\test\resources
2019-03-17 20:28:06,321 [Worker-227] INFO  o.e.m.c.i.embedder.EclipseLogger - Using 'UTF-8' encoding to copy filtered resources.
2019-03-17 20:28:06,329 [Worker-227] INFO  o.e.m.c.i.embedder.EclipseLogger - Copying 1 resource
2019-03-17 20:28:06,333 [Worker-227] INFO  o.e.m.c.i.embedder.EclipseLogger - Copying 0 resource
2019-03-17 20:28:06,333 [Worker-227] INFO  o.e.m.c.i.embedder.EclipseLogger - Using 'UTF-8' encoding to copy filtered resources.
2019-03-17 20:28:06,333 [Worker-227] INFO  o.e.m.c.i.embedder.EclipseLogger - skip non existing resourceDirectory C:\Users\Ellen\Documents\Engineering Prova\prova\src\test\resources
2019-03-17 20:29:32,717 [Worker-224] INFO  o.e.m.c.i.embedder.EclipseLogger - Using 'UTF-8' encoding to copy filtered resources.
2019-03-17 20:29:32,721 [Worker-224] INFO  o.e.m.c.i.embedder.EclipseLogger - Copying 1 resource
2019-03-17 20:29:32,729 [Worker-224] INFO  o.e.m.c.i.embedder.EclipseLogger - Copying 0 resource
2019-03-17 20:29:32,737 [Worker-224] INFO  o.e.m.c.i.embedder.EclipseLogger - Using 'UTF-8' encoding to copy filtered resources.
2019-03-17 20:29:32,741 [Worker-224] INFO  o.e.m.c.i.embedder.EclipseLogger - skip non existing resourceDirectory C:\Users\Ellen\Documents\Engineering Prova\prova\src\test\resources
2019-03-17 21:02:11,123 [Worker-225] INFO  o.e.m.c.i.embedder.EclipseLogger - Using 'UTF-8' encoding to copy filtered resources.
2019-03-17 21:02:11,123 [Worker-225] INFO  o.e.m.c.i.embedder.EclipseLogger - Copying 1 resource
2019-03-17 21:02:11,123 [Worker-225] INFO  o.e.m.c.i.embedder.EclipseLogger - Copying 0 resource
2019-03-17 21:02:11,139 [Worker-225] INFO  o.e.m.c.i.embedder.EclipseLogger - Using 'UTF-8' encoding to copy filtered resources.
2019-03-17 21:02:11,139 [Worker-225] INFO  o.e.m.c.i.embedder.EclipseLogger - skip non existing resourceDirectory C:\Users\Ellen\Documents\Engineering Prova\prova\src\test\resources
